<?xml version="1.0" encoding="UTF-8"?>
<testng-results ignored="0" total="2" passed="2" failed="0" skipped="0">
  <reporter-output>
  </reporter-output>
  <suite started-at="2023-10-03T18:40:44 CEST" name="Command line suite" finished-at="2023-10-03T18:41:02 CEST" duration-ms="17779">
    <groups>
    </groups>
    <test started-at="2023-10-03T18:40:44 CEST" name="Command line test" finished-at="2023-10-03T18:41:02 CEST" duration-ms="17779">
      <class name="AnnotationTests.LoginTest">
        <test-method is-config="true" signature="setUp()[pri:0, instance:AnnotationTests.LoginTest@1a0dcaa]" started-at="2023-10-03T18:40:44 CEST" name="setUp" finished-at="2023-10-03T18:40:46 CEST" duration-ms="1547" status="PASS">
          <reporter-output>
          </reporter-output>
        </test-method> <!-- setUp -->
        <test-method is-config="true" signature="pageSetUp()[pri:0, instance:AnnotationTests.LoginTest@1a0dcaa]" started-at="2023-10-03T18:40:46 CEST" name="pageSetUp" finished-at="2023-10-03T18:40:51 CEST" duration-ms="5057" status="PASS">
          <reporter-output>
          </reporter-output>
        </test-method> <!-- pageSetUp -->
        <test-method signature="userCanLogIn()[pri:0, instance:AnnotationTests.LoginTest@1a0dcaa]" started-at="2023-10-03T18:40:51 CEST" name="userCanLogIn" finished-at="2023-10-03T18:40:53 CEST" duration-ms="2426" status="PASS">
          <reporter-output>
          </reporter-output>
        </test-method> <!-- userCanLogIn -->
        <test-method is-config="true" signature="tearDown()[pri:0, instance:AnnotationTests.LoginTest@1a0dcaa]" started-at="2023-10-03T18:40:53 CEST" name="tearDown" finished-at="2023-10-03T18:40:53 CEST" duration-ms="0" status="PASS">
          <reporter-output>
          </reporter-output>
        </test-method> <!-- tearDown -->
      </class> <!-- AnnotationTests.LoginTest -->
      <class name="Tests.LoginTest">
        <test-method is-config="true" signature="setUp()[pri:0, instance:Tests.LoginTest@fdefd3f]" started-at="2023-10-03T18:40:53 CEST" name="setUp" finished-at="2023-10-03T18:40:54 CEST" duration-ms="727" status="PASS">
          <reporter-output>
          </reporter-output>
        </test-method> <!-- setUp -->
        <test-method is-config="true" signature="pageSetUp()[pri:0, instance:Tests.LoginTest@fdefd3f]" started-at="2023-10-03T18:40:54 CEST" name="pageSetUp" finished-at="2023-10-03T18:40:56 CEST" duration-ms="2426" status="PASS">
          <reporter-output>
          </reporter-output>
        </test-method> <!-- pageSetUp -->
        <test-method signature="verifyThatUserCanLogIn()[pri:0, instance:Tests.LoginTest@fdefd3f]" started-at="2023-10-03T18:40:56 CEST" name="verifyThatUserCanLogIn" finished-at="2023-10-03T18:41:02 CEST" duration-ms="5568" status="PASS">
          <reporter-output>
          </reporter-output>
        </test-method> <!-- verifyThatUserCanLogIn -->
        <test-method is-config="true" signature="tearDown()[pri:0, instance:Tests.LoginTest@fdefd3f]" started-at="2023-10-03T18:41:02 CEST" name="tearDown" finished-at="2023-10-03T18:41:02 CEST" duration-ms="0" status="PASS">
          <reporter-output>
          </reporter-output>
        </test-method> <!-- tearDown -->
      </class> <!-- Tests.LoginTest -->
    </test> <!-- Command line test -->
  </suite> <!-- Command line suite -->
</testng-results>
